#
# There is insufficient memory for the Java Runtime Environment to continue.
# Native memory allocation (malloc) failed to allocate 168176 bytes for Chunk::new
# Possible reasons:
#   The system is out of physical RAM or swap space
#   In 32 bit mode, the process size limit was hit
# Possible solutions:
#   Reduce memory load on the system
#   Increase physical memory or swap space
#   Check if swap backing store is full
#   Use 64 bit Java on a 64 bit OS
#   Decrease Java heap size (-Xmx/-Xms)
#   Decrease number of Java threads
#   Decrease Java thread stack sizes (-Xss)
#   Set larger code cache with -XX:ReservedCodeCacheSize=
# This output file may be truncated or incomplete.
#
#  Out of Memory Error (allocation.cpp:390), pid=8084, tid=0x0000000000003704
#
# JRE version: Java(TM) SE Runtime Environment (8.0_144-b01) (build 1.8.0_144-b01)
# Java VM: Java HotSpot(TM) 64-Bit Server VM (25.144-b01 mixed mode windows-amd64 compressed oops)
# Failed to write core dump. Minidumps are not enabled by default on client versions of Windows
#

---------------  T H R E A D  ---------------

Current thread (0x0000000017022800):  JavaThread "C2 CompilerThread0" daemon [_thread_in_native, id=14084, stack(0x0000000018680000,0x0000000018780000)]

Stack: [0x0000000018680000,0x0000000018780000]
[error occurred during error reporting (printing stack bounds), id 0xc0000005]

Native frames: (J=compiled Java code, j=interpreted, Vv=VM code, C=native code)


Current CompileTask:
C2:  35362 2689   !   4       sun.misc.URLClassPath$JarLoader::getResource (85 bytes)


---------------  P R O C E S S  ---------------

Java Threads: ( => current thread )
  0x0000000002314000 JavaThread "DestroyJavaVM" [_thread_blocked, id=14140, stack(0x00000000021f0000,0x00000000022f0000)]
  0x00000000189ad000 JavaThread "Service Thread" daemon [_thread_blocked, id=7856, stack(0x0000000018d80000,0x0000000018e80000)]
  0x000000001702a800 JavaThread "C1 CompilerThread2" daemon [_thread_blocked, id=7464, stack(0x0000000018880000,0x0000000018980000)]
  0x0000000017025000 JavaThread "C2 CompilerThread1" daemon [_thread_in_native, id=404, stack(0x0000000018780000,0x0000000018880000)]
=>0x0000000017022800 JavaThread "C2 CompilerThread0" daemon [_thread_in_native, id=14084, stack(0x0000000018680000,0x0000000018780000)]
  0x0000000017021000 JavaThread "Attach Listener" daemon [_thread_blocked, id=14124, stack(0x0000000018580000,0x0000000018680000)]
  0x000000001701f800 JavaThread "Signal Dispatcher" daemon [_thread_blocked, id=10656, stack(0x0000000018480000,0x0000000018580000)]
  0x000000000240d800 JavaThread "Finalizer" daemon [_thread_blocked, id=2964, stack(0x0000000018280000,0x0000000018380000)]
  0x0000000002404000 JavaThread "Reference Handler" daemon [_thread_blocked, id=12932, stack(0x0000000018180000,0x0000000018280000)]

Other Threads:
  0x0000000016fe7000 VMThread [stack: 0x0000000018080000,0x0000000018180000] [id=3672]
  0x00000000189d0000 WatcherThread [stack: 0x0000000018e80000,0x0000000018f80000] [id=15280]

VM state:not at safepoint (normal execution)

VM Mutex/Monitor currently owned by a thread: None

Heap:
 PSYoungGen      total 270848K, used 21947K [0x00000000d5f80000, 0x00000000e6a80000, 0x0000000100000000)
  eden space 269312K, 8% used [0x00000000d5f80000,0x00000000d748b768,0x00000000e6680000)
  from space 1536K, 25% used [0x00000000e6900000,0x00000000e69637d8,0x00000000e6a80000)
  to   space 2048K, 0% used [0x00000000e6680000,0x00000000e6680000,0x00000000e6880000)
 ParOldGen       total 63488K, used 49860K [0x0000000081e00000, 0x0000000085c00000, 0x00000000d5f80000)
  object space 63488K, 78% used [0x0000000081e00000,0x0000000084eb13a8,0x0000000085c00000)
 Metaspace       used 15064K, capacity 15612K, committed 15872K, reserved 1062912K
  class space    used 1661K, capacity 1775K, committed 1792K, reserved 1048576K

Card table byte_map: [0x00000000118c0000,0x0000000011cc0000] byte_map_base: 0x00000000114b1000

Marking Bits: (ParMarkBitMap*) 0x000000006985d850
 Begin Bits: [0x0000000012370000, 0x00000000142f8000)
 End Bits:   [0x00000000142f8000, 0x0000000016280000)

Polling page: 0x0000000000520000

CodeCache: size=245760Kb used=7981Kb max_used=8705Kb free=237778Kb
 bounds [0x0000000002500000, 0x0000000002d90000, 0x0000000011500000]
 total_blobs=2839 nmethods=2421 adapters=330
 compilation: enabled

Compilation events (10 events):
Event: 35.342 Thread 0x000000001702a800 nmethod 2684 0x000000000266df50 code [0x000000000266e0a0, 0x000000000266e1b0]
Event: 35.344 Thread 0x000000001702a800 2686   !   3       sun.security.x509.X509CertImpl::getSubjectDN (27 bytes)
Event: 35.344 Thread 0x000000001702a800 nmethod 2686 0x000000000265d250 code [0x000000000265d3e0, 0x000000000265d728]
Event: 35.345 Thread 0x000000001702a800 2688       3       sun.security.jca.ProviderList::getService (43 bytes)
Event: 35.345 Thread 0x000000001702a800 nmethod 2688 0x00000000027ccfd0 code [0x00000000027cd160, 0x00000000027cd698]
Event: 35.345 Thread 0x000000001702a800 2687   !   3       sun.security.jca.GetInstance::getInstance (130 bytes)
Event: 35.347 Thread 0x000000001702a800 nmethod 2687 0x0000000002660f10 code [0x00000000026612a0, 0x0000000002663218]
Event: 35.353 Thread 0x0000000017022800 2689   !   4       sun.misc.URLClassPath$JarLoader::getResource (85 bytes)
Event: 35.354 Thread 0x000000001702a800 2690       3       java.nio.charset.CharsetEncoder::replaceWith (89 bytes)
Event: 35.354 Thread 0x000000001702a800 nmethod 2690 0x0000000002862a90 code [0x0000000002862ca0, 0x00000000028635c8]

GC Heap History (10 events):
Event: 35.060 GC heap before
{Heap before GC invocations=350 (full 4):
 PSYoungGen      total 271360K, used 269713K [0x00000000d5f80000, 0x00000000e6a80000, 0x0000000100000000)
  eden space 269312K, 99% used [0x00000000d5f80000,0x00000000e6677ee0,0x00000000e6680000)
  from space 2048K, 21% used [0x00000000e6680000,0x00000000e66ec578,0x00000000e6880000)
  to   space 1536K, 0% used [0x00000000e6900000,0x00000000e6900000,0x00000000e6a80000)
 ParOldGen       total 63488K, used 48922K [0x0000000081e00000, 0x0000000085c00000, 0x00000000d5f80000)
  object space 63488K, 77% used [0x0000000081e00000,0x0000000084dc68e0,0x0000000085c00000)
 Metaspace       used 14921K, capacity 15380K, committed 15616K, reserved 1062912K
  class space    used 1646K, capacity 1743K, committed 1792K, reserved 1048576K
Event: 35.061 GC heap after
Heap after GC invocations=350 (full 4):
 PSYoungGen      total 270848K, used 551K [0x00000000d5f80000, 0x00000000e6a80000, 0x0000000100000000)
  eden space 269312K, 0% used [0x00000000d5f80000,0x00000000d5f80000,0x00000000e6680000)
  from space 1536K, 35% used [0x00000000e6900000,0x00000000e6989c80,0x00000000e6a80000)
  to   space 2048K, 0% used [0x00000000e6680000,0x00000000e6680000,0x00000000e6880000)
 ParOldGen       total 63488K, used 48922K [0x0000000081e00000, 0x0000000085c00000, 0x00000000d5f80000)
  object space 63488K, 77% used [0x0000000081e00000,0x0000000084dc68e0,0x0000000085c00000)
 Metaspace       used 14921K, capacity 15380K, committed 15616K, reserved 1062912K
  class space    used 1646K, capacity 1743K, committed 1792K, reserved 1048576K
}
Event: 35.108 GC heap before
{Heap before GC invocations=351 (full 4):
 PSYoungGen      total 270848K, used 269688K [0x00000000d5f80000, 0x00000000e6a80000, 0x0000000100000000)
  eden space 269312K, 99% used [0x00000000d5f80000,0x00000000e6654540,0x00000000e6680000)
  from space 1536K, 35% used [0x00000000e6900000,0x00000000e6989c80,0x00000000e6a80000)
  to   space 2048K, 0% used [0x00000000e6680000,0x00000000e6680000,0x00000000e6880000)
 ParOldGen       total 63488K, used 48922K [0x0000000081e00000, 0x0000000085c00000, 0x00000000d5f80000)
  object space 63488K, 77% used [0x0000000081e00000,0x0000000084dc68e0,0x0000000085c00000)
 Metaspace       used 14921K, capacity 15380K, committed 15616K, reserved 1062912K
  class space    used 1646K, capacity 1743K, committed 1792K, reserved 1048576K
Event: 35.109 GC heap after
Heap after GC invocations=351 (full 4):
 PSYoungGen      total 271360K, used 447K [0x00000000d5f80000, 0x00000000e6a80000, 0x0000000100000000)
  eden space 269312K, 0% used [0x00000000d5f80000,0x00000000d5f80000,0x00000000e6680000)
  from space 2048K, 21% used [0x00000000e6680000,0x00000000e66efed0,0x00000000e6880000)
  to   space 1536K, 0% used [0x00000000e6900000,0x00000000e6900000,0x00000000e6a80000)
 ParOldGen       total 63488K, used 48922K [0x0000000081e00000, 0x0000000085c00000, 0x00000000d5f80000)
  object space 63488K, 77% used [0x0000000081e00000,0x0000000084dc68e0,0x0000000085c00000)
 Metaspace       used 14921K, capacity 15380K, committed 15616K, reserved 1062912K
  class space    used 1646K, capacity 1743K, committed 1792K, reserved 1048576K
}
Event: 35.209 GC heap before
{Heap before GC invocations=352 (full 4):
 PSYoungGen      total 271360K, used 269759K [0x00000000d5f80000, 0x00000000e6a80000, 0x0000000100000000)
  eden space 269312K, 100% used [0x00000000d5f80000,0x00000000e6680000,0x00000000e6680000)
  from space 2048K, 21% used [0x00000000e6680000,0x00000000e66efed0,0x00000000e6880000)
  to   space 1536K, 0% used [0x00000000e6900000,0x00000000e6900000,0x00000000e6a80000)
 ParOldGen       total 63488K, used 48922K [0x0000000081e00000, 0x0000000085c00000, 0x00000000d5f80000)
  object space 63488K, 77% used [0x0000000081e00000,0x0000000084dc68e0,0x0000000085c00000)
 Metaspace       used 14939K, capacity 15452K, committed 15616K, reserved 1062912K
  class space    used 1646K, capacity 1743K, committed 1792K, reserved 1048576K
Event: 35.210 GC heap after
Heap after GC invocations=352 (full 4):
 PSYoungGen      total 270848K, used 1015K [0x00000000d5f80000, 0x00000000e6a80000, 0x0000000100000000)
  eden space 269312K, 0% used [0x00000000d5f80000,0x00000000d5f80000,0x00000000e6680000)
  from space 1536K, 66% used [0x00000000e6900000,0x00000000e69fdfd8,0x00000000e6a80000)
  to   space 2048K, 0% used [0x00000000e6680000,0x00000000e6680000,0x00000000e6880000)
 ParOldGen       total 63488K, used 48930K [0x0000000081e00000, 0x0000000085c00000, 0x00000000d5f80000)
  object space 63488K, 77% used [0x0000000081e00000,0x0000000084dc88e0,0x0000000085c00000)
 Metaspace       used 14939K, capacity 15452K, committed 15616K, reserved 1062912K
  class space    used 1646K, capacity 1743K, committed 1792K, reserved 1048576K
}
Event: 35.276 GC heap before
{Heap before GC invocations=353 (full 4):
 PSYoungGen      total 270848K, used 270327K [0x00000000d5f80000, 0x00000000e6a80000, 0x0000000100000000)
  eden space 269312K, 100% used [0x00000000d5f80000,0x00000000e6680000,0x00000000e6680000)
  from space 1536K, 66% used [0x00000000e6900000,0x00000000e69fdfd8,0x00000000e6a80000)
  to   space 2048K, 0% used [0x00000000e6680000,0x00000000e6680000,0x00000000e6880000)
 ParOldGen       total 63488K, used 48930K [0x0000000081e00000, 0x0000000085c00000, 0x00000000d5f80000)
  object space 63488K, 77% used [0x0000000081e00000,0x0000000084dc88e0,0x0000000085c00000)
 Metaspace       used 14939K, capacity 15452K, committed 15616K, reserved 1062912K
  class space    used 1646K, capacity 1743K, committed 1792K, reserved 1048576K
Event: 35.277 GC heap after
Heap after GC invocations=353 (full 4):
 PSYoungGen      total 271360K, used 637K [0x00000000d5f80000, 0x00000000e6a80000, 0x0000000100000000)
  eden space 269312K, 0% used [0x00000000d5f80000,0x00000000d5f80000,0x00000000e6680000)
  from space 2048K, 31% used [0x00000000e6680000,0x00000000e671f728,0x00000000e6880000)
  to   space 1536K, 0% used [0x00000000e6900000,0x00000000e6900000,0x00000000e6a80000)
 ParOldGen       total 63488K, used 49798K [0x0000000081e00000, 0x0000000085c00000, 0x00000000d5f80000)
  object space 63488K, 78% used [0x0000000081e00000,0x0000000084ea1ab0,0x0000000085c00000)
 Metaspace       used 14939K, capacity 15452K, committed 15616K, reserved 1062912K
  class space    used 1646K, capacity 1743K, committed 1792K, reserved 1048576K
}
Event: 35.336 GC heap before
{Heap before GC invocations=354 (full 4):
 PSYoungGen      total 271360K, used 269949K [0x00000000d5f80000, 0x00000000e6a80000, 0x0000000100000000)
  eden space 269312K, 100% used [0x00000000d5f80000,0x00000000e6680000,0x00000000e6680000)
  from space 2048K, 31% used [0x00000000e6680000,0x00000000e671f728,0x00000000e6880000)
  to   space 1536K, 0% used [0x00000000e6900000,0x00000000e6900000,0x00000000e6a80000)
 ParOldGen       total 63488K, used 49798K [0x0000000081e00000, 0x0000000085c00000, 0x00000000d5f80000)
  object space 63488K, 78% used [0x0000000081e00000,0x0000000084ea1ab0,0x0000000085c00000)
 Metaspace       used 14939K, capacity 15452K, committed 15616K, reserved 1062912K
  class space    used 1646K, capacity 1743K, committed 1792K, reserved 1048576K
Event: 35.337 GC heap after
Heap after GC invocations=354 (full 4):
 PSYoungGen      total 270848K, used 397K [0x00000000d5f80000, 0x00000000e6a80000, 0x0000000100000000)
  eden space 269312K, 0% used [0x00000000d5f80000,0x00000000d5f80000,0x00000000e6680000)
  from space 1536K, 25% used [0x00000000e6900000,0x00000000e69637d8,0x00000000e6a80000)
  to   space 2048K, 0% used [0x00000000e6680000,0x00000000e6680000,0x00000000e6880000)
 ParOldGen       total 63488K, used 49860K [0x0000000081e00000, 0x0000000085c00000, 0x00000000d5f80000)
  object space 63488K, 78% used [0x0000000081e00000,0x0000000084eb13a8,0x0000000085c00000)
 Metaspace       used 14939K, capacity 15452K, committed 15616K, reserved 1062912K
  class space    used 1646K, capacity 1743K, committed 1792K, reserved 1048576K
}

Deoptimization events (10 events):
Event: 19.996 Thread 0x0000000002314000 Uncommon trap: reason=class_check action=maybe_recompile pc=0x0000000002d0af14 method=java.util.Collections.unmodifiableList(Ljava/util/List;)Ljava/util/List; @ 1
Event: 19.996 Thread 0x0000000002314000 Uncommon trap: reason=class_check action=maybe_recompile pc=0x0000000002d0af14 method=java.util.Collections.unmodifiableList(Ljava/util/List;)Ljava/util/List; @ 1
Event: 19.996 Thread 0x0000000002314000 Uncommon trap: reason=class_check action=maybe_recompile pc=0x0000000002d0af14 method=java.util.Collections.unmodifiableList(Ljava/util/List;)Ljava/util/List; @ 1
Event: 20.043 Thread 0x0000000002314000 Uncommon trap: reason=unstable_if action=reinterpret pc=0x0000000002d7ce40 method=java.io.BufferedReader.readLine(Z)Ljava/lang/String; @ 192
Event: 27.426 Thread 0x0000000019a64800 Uncommon trap: reason=unstable_if action=reinterpret pc=0x0000000002d66bf0 method=com.sun.crypto.provider.GaloisCounterMode.decryptFinal([BII[BI)I @ 5
Event: 35.325 Thread 0x0000000002314000 Uncommon trap: reason=unstable_if action=reinterpret pc=0x0000000002626b80 method=sun.nio.cs.UTF_8$Decoder.decodeArrayLoop(Ljava/nio/ByteBuffer;Ljava/nio/CharBuffer;)Ljava/nio/charset/CoderResult; @ 128
Event: 35.343 Thread 0x0000000002314000 Uncommon trap: reason=class_check action=maybe_recompile pc=0x0000000002cead3c method=java.util.Hashtable.get(Ljava/lang/Object;)Ljava/lang/Object; @ 6
Event: 35.343 Thread 0x0000000002314000 Uncommon trap: reason=class_check action=maybe_recompile pc=0x0000000002cead3c method=java.util.Hashtable.get(Ljava/lang/Object;)Ljava/lang/Object; @ 6
Event: 35.343 Thread 0x0000000002314000 Uncommon trap: reason=class_check action=maybe_recompile pc=0x0000000002cead3c method=java.util.Hashtable.get(Ljava/lang/Object;)Ljava/lang/Object; @ 6
Event: 35.343 Thread 0x0000000002314000 Uncommon trap: reason=class_check action=maybe_recompile pc=0x0000000002cead3c method=java.util.Hashtable.get(Ljava/lang/Object;)Ljava/lang/Object; @ 6

Internal exceptions (10 events):
Event: 0.443 Thread 0x0000000002314000 Exception <a 'java/security/PrivilegedActionException'> (0x00000000d7292bc8) thrown at [C:\re\workspace\8-2-build-windows-amd64-cygwin\jdk8u144\9417\hotspot\src\share\vm\prims\jvm.cpp, line 1390]
Event: 0.997 Thread 0x0000000002314000 Exception <a 'java/lang/NoSuchFieldError': method resolution failed> (0x00000000d63ba6a8) thrown at [C:\re\workspace\8-2-build-windows-amd64-cygwin\jdk8u144\9417\hotspot\src\share\vm\prims\methodHandles.cpp, line 1146]
Event: 0.998 Thread 0x0000000002314000 Exception <a 'java/lang/NoSuchFieldError': method resolution failed> (0x00000000d63c8138) thrown at [C:\re\workspace\8-2-build-windows-amd64-cygwin\jdk8u144\9417\hotspot\src\share\vm\prims\methodHandles.cpp, line 1146]
Event: 1.364 Thread 0x0000000002314000 Implicit null exception at 0x000000000294f715 to 0x000000000294f90d
Event: 1.364 Thread 0x0000000002314000 Implicit null exception at 0x000000000266ec98 to 0x000000000266ed26
Event: 1.364 Thread 0x0000000002314000 Implicit null exception at 0x0000000002847c6f to 0x0000000002847cd9
Event: 1.368 Thread 0x0000000002314000 Exception <a 'java/lang/ArrayIndexOutOfBoundsException'> (0x00000000d71dfcf8) thrown at [C:\re\workspace\8-2-build-windows-amd64-cygwin\jdk8u144\9417\hotspot\src\share\vm\runtime\sharedRuntime.cpp, line 605]
Event: 1.369 Thread 0x0000000002314000 Exception <a 'java/lang/ArrayIndexOutOfBoundsException'> (0x00000000d71e0de8) thrown at [C:\re\workspace\8-2-build-windows-amd64-cygwin\jdk8u144\9417\hotspot\src\share\vm\runtime\sharedRuntime.cpp, line 605]
Event: 1.370 Thread 0x0000000002314000 Exception <a 'java/lang/ArrayIndexOutOfBoundsException'> (0x00000000d71e2188) thrown at [C:\re\workspace\8-2-build-windows-amd64-cygwin\jdk8u144\9417\hotspot\src\share\vm\runtime\sharedRuntime.cpp, line 605]
Event: 1.370 Thread 0x0000000002314000 Exception <a 'java/lang/ArrayIndexOutOfBoundsException'> (0x00000000d71e2f60) thrown at [C:\re\workspace\8-2-build-windows-amd64-cygwin\jdk8u144\9417\hotspot\src\share\vm\runtime\sharedRuntime.cpp, line 605]

Events (10 events):
Event: 35.350 loading class org/eclipse/jdt/core/ICodeAssist
Event: 35.350 loading class org/eclipse/jdt/core/ICodeAssist done
Event: 35.350 loading class org/eclipse/jdt/core/dom/ASTSyntaxErrorPropagator
Event: 35.350 loading class org/eclipse/jdt/core/dom/ASTSyntaxErrorPropagator done
Event: 35.351 loading class org/eclipse/jdt/core/dom/ASTRecoveryPropagator
Event: 35.351 loading class org/eclipse/jdt/core/dom/ASTRecoveryPropagator done
Event: 35.353 loading class org/eclipse/jdt/core/dom/DefaultASTVisitor
Event: 35.353 loading class org/eclipse/jdt/core/dom/DefaultASTVisitor done
Event: 35.357 loading class org/eclipse/jdt/internal/compiler/parser/Scanner
Event: 35.357 loading class org/eclipse/jdt/internal/compiler/parser/Scanner done


Dynamic libraries:
0x00007ff67cbd0000 - 0x00007ff67cc07000 	C:\Program Files\Java\jdk1.8.0_144\bin\java.exe
0x00007ffa4c190000 - 0x00007ffa4c37d000 	C:\WINDOWS\SYSTEM32\ntdll.dll
0x00007ffa49470000 - 0x00007ffa49523000 	C:\WINDOWS\System32\KERNEL32.DLL
0x00007ffa48ea0000 - 0x00007ffa49133000 	C:\WINDOWS\System32\KERNELBASE.dll
0x00007ffa4c0b0000 - 0x00007ffa4c153000 	C:\WINDOWS\System32\ADVAPI32.dll
0x00007ffa4be60000 - 0x00007ffa4befe000 	C:\WINDOWS\System32\msvcrt.dll
0x00007ffa496f0000 - 0x00007ffa4978e000 	C:\WINDOWS\System32\sechost.dll
0x00007ffa4bf80000 - 0x00007ffa4c0a2000 	C:\WINDOWS\System32\RPCRT4.dll
0x00007ffa49d30000 - 0x00007ffa49ec7000 	C:\WINDOWS\System32\USER32.dll
0x00007ffa48360000 - 0x00007ffa48380000 	C:\WINDOWS\System32\win32u.dll
0x00007ffa49d00000 - 0x00007ffa49d29000 	C:\WINDOWS\System32\GDI32.dll
0x00007ffa48380000 - 0x00007ffa48519000 	C:\WINDOWS\System32\gdi32full.dll
0x00007ffa48260000 - 0x00007ffa48300000 	C:\WINDOWS\System32\msvcp_win.dll
0x00007ffa492c0000 - 0x00007ffa493ba000 	C:\WINDOWS\System32\ucrtbase.dll
0x00007ffa31c80000 - 0x00007ffa31ef9000 	C:\WINDOWS\WinSxS\amd64_microsoft.windows.common-controls_6595b64144ccf1df_6.0.17763.615_none_05b4414a072024d4\COMCTL32.dll
0x00007ffa49790000 - 0x00007ffa49abc000 	C:\WINDOWS\System32\combase.dll
0x00007ffa49210000 - 0x00007ffa4928e000 	C:\WINDOWS\System32\bcryptPrimitives.dll
0x00007ffa49fa0000 - 0x00007ffa49fce000 	C:\WINDOWS\System32\IMM32.DLL
0x0000000068f60000 - 0x0000000069032000 	C:\Program Files\Java\jdk1.8.0_144\jre\bin\msvcr100.dll
0x0000000069040000 - 0x00000000698dd000 	C:\Program Files\Java\jdk1.8.0_144\jre\bin\server\jvm.dll
0x00007ffa496e0000 - 0x00007ffa496e8000 	C:\WINDOWS\System32\PSAPI.DLL
0x00007ffa33f30000 - 0x00007ffa33f39000 	C:\WINDOWS\SYSTEM32\WSOCK32.dll
0x00007ffa44dd0000 - 0x00007ffa44df4000 	C:\WINDOWS\SYSTEM32\WINMM.dll
0x00007ffa46d80000 - 0x00007ffa46d8a000 	C:\WINDOWS\SYSTEM32\VERSION.dll
0x00007ffa49fd0000 - 0x00007ffa4a03d000 	C:\WINDOWS\System32\WS2_32.dll
0x00007ffa44da0000 - 0x00007ffa44dcd000 	C:\WINDOWS\SYSTEM32\winmmbase.dll
0x00007ffa48700000 - 0x00007ffa4874a000 	C:\WINDOWS\System32\cfgmgr32.dll
0x0000000068f10000 - 0x0000000068f1f000 	C:\Program Files\Java\jdk1.8.0_144\jre\bin\verify.dll
0x0000000068ee0000 - 0x0000000068f09000 	C:\Program Files\Java\jdk1.8.0_144\jre\bin\java.dll
0x0000000068ec0000 - 0x0000000068ed6000 	C:\Program Files\Java\jdk1.8.0_144\jre\bin\zip.dll
0x00007ffa4a0a0000 - 0x00007ffa4b590000 	C:\WINDOWS\System32\SHELL32.dll
0x00007ffa493c0000 - 0x00007ffa49468000 	C:\WINDOWS\System32\shcore.dll
0x00007ffa48750000 - 0x00007ffa48e9a000 	C:\WINDOWS\System32\windows.storage.dll
0x00007ffa48230000 - 0x00007ffa48254000 	C:\WINDOWS\System32\profapi.dll
0x00007ffa481d0000 - 0x00007ffa4822d000 	C:\WINDOWS\System32\powrprof.dll
0x00007ffa49ac0000 - 0x00007ffa49b12000 	C:\WINDOWS\System32\shlwapi.dll
0x00007ffa481b0000 - 0x00007ffa481c1000 	C:\WINDOWS\System32\kernel.appcore.dll
0x00007ffa491f0000 - 0x00007ffa49207000 	C:\WINDOWS\System32\cryptsp.dll
0x00007ffa47560000 - 0x00007ffa47593000 	C:\WINDOWS\system32\rsaenh.dll
0x00007ffa49290000 - 0x00007ffa492b6000 	C:\WINDOWS\System32\bcrypt.dll
0x00007ffa48090000 - 0x00007ffa480b8000 	C:\WINDOWS\SYSTEM32\USERENV.dll
0x00007ffa47b70000 - 0x00007ffa47b7c000 	C:\WINDOWS\SYSTEM32\CRYPTBASE.dll
0x0000000068ea0000 - 0x0000000068eba000 	C:\Program Files\Java\jdk1.8.0_144\jre\bin\net.dll
0x00007ffa479a0000 - 0x00007ffa47a07000 	C:\WINDOWS\system32\mswsock.dll
0x00007ffa47700000 - 0x00007ffa4773d000 	C:\WINDOWS\SYSTEM32\IPHLPAPI.DLL
0x00007ffa4b8a0000 - 0x00007ffa4b8a8000 	C:\WINDOWS\System32\NSI.dll
0x00007ffa3f320000 - 0x00007ffa3f336000 	C:\WINDOWS\SYSTEM32\dhcpcsvc6.DLL
0x00007ffa3f390000 - 0x00007ffa3f3ac000 	C:\WINDOWS\SYSTEM32\dhcpcsvc.DLL
0x00007ffa47740000 - 0x00007ffa47806000 	C:\WINDOWS\SYSTEM32\DNSAPI.dll
0x0000000068e80000 - 0x0000000068e91000 	C:\Program Files\Java\jdk1.8.0_144\jre\bin\nio.dll
0x0000000068bd0000 - 0x0000000068bf4000 	C:\Program Files\Java\jdk1.8.0_144\jre\bin\sunec.dll
0x0000000068bc0000 - 0x0000000068bcb000 	C:\Program Files\Java\jdk1.8.0_144\jre\bin\sunmscapi.dll
0x00007ffa48520000 - 0x00007ffa486fb000 	C:\WINDOWS\System32\CRYPT32.dll
0x00007ffa48190000 - 0x00007ffa481a2000 	C:\WINDOWS\System32\MSASN1.dll
0x00007ffa3edb0000 - 0x00007ffa3edba000 	C:\Windows\System32\rasadhlp.dll
0x00007ffa3f4d0000 - 0x00007ffa3f549000 	C:\WINDOWS\System32\fwpuclnt.dll

VM Arguments:
java_command: experiment.Experiment
java_class_path (initial): C:\Users\Thainá Mariani\Google Drive (marianithaina@gmail.com)\Queen\target\classes;C:\Users\Thainá Mariani\.m2\repository\org\eclipse\jdt\org.eclipse.jdt.core\3.13.102\org.eclipse.jdt.core-3.13.102.jar;C:\Users\Thainá Mariani\.m2\repository\org\eclipse\platform\org.eclipse.core.resources\3.13.400\org.eclipse.core.resources-3.13.400.jar;C:\Users\Thainá Mariani\.m2\repository\org\eclipse\platform\org.eclipse.core.expressions\3.6.400\org.eclipse.core.expressions-3.6.400.jar;C:\Users\Thainá Mariani\.m2\repository\org\eclipse\platform\org.eclipse.core.runtime\3.15.300\org.eclipse.core.runtime-3.15.300.jar;C:\Users\Thainá Mariani\.m2\repository\org\eclipse\platform\org.eclipse.osgi\3.14.0\org.eclipse.osgi-3.14.0.jar;C:\Users\Thainá Mariani\.m2\repository\org\eclipse\platform\org.eclipse.equinox.common\3.10.400\org.eclipse.equinox.common-3.10.400.jar;C:\Users\Thainá Mariani\.m2\repository\org\eclipse\platform\org.eclipse.core.jobs\3.10.400\org.eclipse.core.jobs-3.10.400.jar;C:\Users\Thainá Mariani\.m2\repository\org\eclipse\platform\org.eclipse.equinox.registry\3.8.400\org.eclipse.equinox.registry-3.8.400.jar;C:\Users\Thainá Mariani\.m2\repository\org\eclipse\platform\org.eclipse.equinox.preferences\3.7.400\org.eclipse.equinox.preferences-3.7.400.jar;C:\Users\Thainá Mariani\.m2\repository\org\eclipse\platform\org.eclipse.core.contenttype\3.7.300\org.eclipse.core.contenttype-3.7.300.jar;C:\Users\Thainá Mariani\.m2\repository\org\eclipse\platform\org.eclipse.equinox.app\1.4.200\org.eclipse.equinox.app-1.4.200.jar;C:\Users\Thainá Mariani\.m2\repository\org\eclipse\platform\org.eclipse.core.filesystem\1.7.400\org.eclipse.core.filesystem-1.7.400.jar;C:\Users\Thainá Mariani\.m2\repository\org\eclipse\platform\org.eclipse.text\3.8.200\org.eclipse.text-3.8.200.jar;C:\Users\Thainá Mariani\.m2\repository\org\eclipse\platform\org.eclipse.core.commands\3.9.400\org.eclipse.core.commands-3.9.400.jar;C:\Users\Thainá Mariani\.m2\repository\uk\com\robust-it\cl
Launcher Type: SUN_STANDARD

Environment Variables:
JAVA_HOME=C:\Program Files\Java\jdk1.8.0_144
PATH=C:\Program Files (x86)\Python37-32\Scripts\;C:\Program Files (x86)\Python37-32\;C:\WINDOWS\system32;C:\WINDOWS;C:\WINDOWS\System32\Wbem;C:\WINDOWS\System32\WindowsPowerShell\v1.0\;C:\Program Files\Java\jdk1.8.0_144\bin;C:\Program Files\R\R-3.4.1\bin\x64;C:\Program Files\MiKTeX 2.9\miktex\bin\x64\;C:\Program Files\Microsoft SQL Server\Client SDK\ODBC\130\Tools\Binn\;C:\Program Files (x86)\Microsoft SQL Server\140\Tools\Binn\;C:\Program Files\Microsoft SQL Server\140\Tools\Binn\;C:\Program Files\Microsoft SQL Server\140\DTS\Binn\;C:\Program Files (x86)\Microsoft SQL Server\Client SDK\ODBC\130\Tools\Binn\;C:\Program Files (x86)\Microsoft SQL Server\140\DTS\Binn\;C:\Program Files (x86)\Microsoft SQL Server\140\Tools\Binn\ManagementStudio\;C:\Program Files\MySQL\MySQL Utilities 1.6\;C:\WINDOWS\System32\OpenSSH\;C:\Program Files\Git\cmd;C:\Program Files\nodejs\;C:\Users\Thainá Mariani\AppData\Local\Microsoft\WindowsApps;C:\Users\Thainá Mariani\AppData\Roaming\npm
USERNAME=Thainá Mariani
OS=Windows_NT
PROCESSOR_IDENTIFIER=Intel64 Family 6 Model 58 Stepping 9, GenuineIntel



---------------  S Y S T E M  ---------------

OS: Windows 10.0 , 64 bit Build 17763 (10.0.17763.475)

CPU:total 4 (initial active 4) (4 cores per cpu, 1 threads per core) family 6 model 58 stepping 9, cmov, cx8, fxsr, mmx, sse, sse2, sse3, ssse3, sse4.1, sse4.2, popcnt, avx, aes, clmul, erms, tsc, tscinvbit, tscinv

Memory: 4k page, physical 8264240k(303540k free), swap 22795304k(4224k free)

vm_info: Java HotSpot(TM) 64-Bit Server VM (25.144-b01) for windows-amd64 JRE (1.8.0_144-b01), built on Jul 21 2017 21:57:33 by "java_re" with MS VC++ 10.0 (VS2010)

time: Mon Aug 12 16:59:19 2019
elapsed time: 35 seconds (0d 0h 0m 35s)

